# JRE version: Java(TM) SE Runtime Environment (8.0_101-b13) (build 1.8.0_101-b13)
# Java VM: Java HotSpot(TM) 64-Bit Server VM (25.101-b13 mixed mode linux-amd64 compressed oops)
Heap:
 PSYoungGen      total 353792K, used 214498K [0x00000000e0000000, 0x00000000ffd80000, 0x0000000100000000)
  eden space 187904K, 100% used [0x00000000e0000000,0x00000000eb780000,0x00000000eb780000)
  from space 165888K, 16% used [0x00000000eb780000,0x00000000ed178a90,0x00000000f5980000)
  to   space 164352K, 17% used [0x00000000f5d00000,0x00000000f7962978,0x00000000ffd80000)
 ParOldGen       total 1048576K, used 928463K [0x00000000a0000000, 0x00000000e0000000, 0x00000000e0000000)
  object space 1048576K, 88% used [0x00000000a0000000,0x00000000d8ab3c18,0x00000000e0000000)
 Metaspace       used 74607K, capacity 77760K, committed 78424K, reserved 1118208K
  class space    used 9243K, capacity 9760K, committed 10112K, reserved 1048576K
GC Heap History (10 events):
Event: 4405.284 GC heap after
Heap after GC invocations=140 (full 17):
 PSYoungGen      total 357376K, used 123747K [0x00000000e0000000, 0x0000000100000000, 0x0000000100000000)
  eden space 204288K, 0% used [0x00000000e0000000,0x00000000e0000000,0x00000000ec780000)
  from space 153088K, 80% used [0x00000000ec780000,0x00000000f4058ef0,0x00000000f5d00000)
  to   space 164352K, 0% used [0x00000000f5f80000,0x00000000f5f80000,0x0000000100000000)
 ParOldGen       total 1048576K, used 727329K [0x00000000a0000000, 0x00000000e0000000, 0x00000000e0000000)
  object space 1048576K, 69% used [0x00000000a0000000,0x00000000cc6485f8,0x00000000e0000000)
 Metaspace       used 74606K, capacity 77760K, committed 78424K, reserved 1118208K
  class space    used 9243K, capacity 9760K, committed 10112K, reserved 1048576K
}
Event: 4405.757 GC heap before
{Heap before GC invocations=141 (full 17):
 PSYoungGen      total 357376K, used 328035K [0x00000000e0000000, 0x0000000100000000, 0x0000000100000000)
  eden space 204288K, 100% used [0x00000000e0000000,0x00000000ec780000,0x00000000ec780000)
  from space 153088K, 80% used [0x00000000ec780000,0x00000000f4058ef0,0x00000000f5d00000)
  to   space 164352K, 0% used [0x00000000f5f80000,0x00000000f5f80000,0x0000000100000000)
 ParOldGen       total 1048576K, used 727332K [0x00000000a0000000, 0x00000000e0000000, 0x00000000e0000000)
  object space 1048576K, 69% used [0x00000000a0000000,0x00000000cc6491f8,0x00000000e0000000)
 Metaspace       used 74606K, capacity 77760K, committed 78424K, reserved 1118208K
  class space    used 9243K, capacity 9760K, committed 10112K, reserved 1048576K
Event: 4405.952 GC heap after
Heap after GC invocations=141 (full 17):
 PSYoungGen      total 346624K, used 117154K [0x00000000e0000000, 0x0000000100000000, 0x0000000100000000)
  eden space 182272K, 0% used [0x00000000e0000000,0x00000000e0000000,0x00000000eb200000)
  from space 164352K, 71% used [0x00000000f5f80000,0x00000000fd1e8ba8,0x0000000100000000)
  to   space 171008K, 0% used [0x00000000eb200000,0x00000000eb200000,0x00000000f5900000)
 ParOldGen       total 1048576K, used 762827K [0x00000000a0000000, 0x00000000e0000000, 0x00000000e0000000)
  object space 1048576K, 72% used [0x00000000a0000000,0x00000000ce8f2c68,0x00000000e0000000)
 Metaspace       used 74606K, capacity 77760K, committed 78424K, reserved 1118208K
  class space    used 9243K, capacity 9760K, committed 10112K, reserved 1048576K
}
Event: 4405.973 GC heap before
{Heap before GC invocations=142 (full 17):
 PSYoungGen      total 346624K, used 123211K [0x00000000e0000000, 0x0000000100000000, 0x0000000100000000)
  eden space 182272K, 3% used [0x00000000e0000000,0x00000000e05ea3e0,0x00000000eb200000)
  from space 164352K, 71% used [0x00000000f5f80000,0x00000000fd1e8ba8,0x0000000100000000)
  to   space 171008K, 0% used [0x00000000eb200000,0x00000000eb200000,0x00000000f5900000)
 ParOldGen       total 1048576K, used 762827K [0x00000000a0000000, 0x00000000e0000000, 0x00000000e0000000)
  object space 1048576K, 72% used [0x00000000a0000000,0x00000000ce8f2c68,0x00000000e0000000)
 Metaspace       used 74606K, capacity 77760K, committed 78424K, reserved 1118208K
  class space    used 9243K, capacity 9760K, committed 10112K, reserved 1048576K
Event: 4406.123 GC heap after
Heap after GC invocations=142 (full 17):
 PSYoungGen      total 353280K, used 59561K [0x00000000e0000000, 0x00000000ffb80000, 0x0000000100000000)
  eden space 182272K, 0% used [0x00000000e0000000,0x00000000e0000000,0x00000000eb200000)
  from space 171008K, 34% used [0x00000000eb200000,0x00000000eec2a618,0x00000000f5900000)
  to   space 165376K, 0% used [0x00000000f5a00000,0x00000000f5a00000,0x00000000ffb80000)
 ParOldGen       total 1048576K, used 820768K [0x00000000a0000000, 0x00000000e0000000, 0x00000000e0000000)
  object space 1048576K, 78% used [0x00000000a0000000,0x00000000d2188168,0x00000000e0000000)
 Metaspace       used 74606K, capacity 77760K, committed 78424K, reserved 1118208K
  class space    used 9243K, capacity 9760K, committed 10112K, reserved 1048576K
}
Event: 4406.526 GC heap before
{Heap before GC invocations=143 (full 17):
 PSYoungGen      total 353280K, used 241833K [0x00000000e0000000, 0x00000000ffb80000, 0x0000000100000000)
  eden space 182272K, 100% used [0x00000000e0000000,0x00000000eb200000,0x00000000eb200000)
  from space 171008K, 34% used [0x00000000eb200000,0x00000000eec2a618,0x00000000f5900000)
  to   space 165376K, 0% used [0x00000000f5a00000,0x00000000f5a00000,0x00000000ffb80000)
 ParOldGen       total 1048576K, used 820768K [0x00000000a0000000, 0x00000000e0000000, 0x00000000e0000000)
  object space 1048576K, 78% used [0x00000000a0000000,0x00000000d2188168,0x00000000e0000000)
 Metaspace       used 74606K, capacity 77760K, committed 78424K, reserved 1118208K
  class space    used 9243K, capacity 9760K, committed 10112K, reserved 1048576K
Event: 4406.680 GC heap after
Heap after GC invocations=143 (full 17):
 PSYoungGen      total 353280K, used 25235K [0x00000000e0000000, 0x00000000ffb80000, 0x0000000100000000)
  eden space 187904K, 0% used [0x00000000e0000000,0x00000000e0000000,0x00000000eb780000)
  from space 165376K, 15% used [0x00000000f5a00000,0x00000000f72a4d00,0x00000000ffb80000)
  to   space 165888K, 0% used [0x00000000eb780000,0x00000000eb780000,0x00000000f5980000)
 ParOldGen       total 1048576K, used 878482K [0x00000000a0000000, 0x00000000e0000000, 0x00000000e0000000)
  object space 1048576K, 83% used [0x00000000a0000000,0x00000000d59e4bb8,0x00000000e0000000)
 Metaspace       used 74606K, capacity 77760K, committed 78424K, reserved 1118208K
  class space    used 9243K, capacity 9760K, committed 10112K, reserved 1048576K
}
Event: 4407.212 GC heap before
{Heap before GC invocations=144 (full 17):
 PSYoungGen      total 353280K, used 213139K [0x00000000e0000000, 0x00000000ffb80000, 0x0000000100000000)
  eden space 187904K, 100% used [0x00000000e0000000,0x00000000eb780000,0x00000000eb780000)
  from space 165376K, 15% used [0x00000000f5a00000,0x00000000f72a4d00,0x00000000ffb80000)
  to   space 165888K, 0% used [0x00000000eb780000,0x00000000eb780000,0x00000000f5980000)
 ParOldGen       total 1048576K, used 878482K [0x00000000a0000000, 0x00000000e0000000, 0x00000000e0000000)
  object space 1048576K, 83% used [0x00000000a0000000,0x00000000d59e4bb8,0x00000000e0000000)
 Metaspace       used 74606K, capacity 77760K, committed 78424K, reserved 1118208K
  class space    used 9243K, capacity 9760K, committed 10112K, reserved 1048576K
Event: 4407.347 GC heap after
Heap after GC invocations=144 (full 17):
 PSYoungGen      total 353792K, used 26594K [0x00000000e0000000, 0x00000000ffd80000, 0x0000000100000000)
  eden space 187904K, 0% used [0x00000000e0000000,0x00000000e0000000,0x00000000eb780000)
  from space 165888K, 16% used [0x00000000eb780000,0x00000000ed178a90,0x00000000f5980000)
  to   space 164352K, 0% used [0x00000000f5d00000,0x00000000f5d00000,0x00000000ffd80000)
 ParOldGen       total 1048576K, used 903052K [0x00000000a0000000, 0x00000000e0000000, 0x00000000e0000000)
  object space 1048576K, 86% used [0x00000000a0000000,0x00000000d71e3048,0x00000000e0000000)
 Metaspace       used 74606K, capacity 77760K, committed 78424K, reserved 1118208K
  class space    used 9243K, capacity 9760K, committed 10112K, reserved 1048576K
}
Event: 4407.952 GC heap before
{Heap before GC invocations=145 (full 17):
 PSYoungGen      total 353792K, used 214498K [0x00000000e0000000, 0x00000000ffd80000, 0x0000000100000000)
  eden space 187904K, 100% used [0x00000000e0000000,0x00000000eb780000,0x00000000eb780000)
  from space 165888K, 16% used [0x00000000eb780000,0x00000000ed178a90,0x00000000f5980000)
  to   space 164352K, 0% used [0x00000000f5d00000,0x00000000f5d00000,0x00000000ffd80000)
 ParOldGen       total 1048576K, used 903052K [0x00000000a0000000, 0x00000000e0000000, 0x00000000e0000000)
  object space 1048576K, 86% used [0x00000000a0000000,0x00000000d71e3048,0x00000000e0000000)
 Metaspace       used 74607K, capacity 77760K, committed 78424K, reserved 1118208K
  class space    used 9243K, capacity 9760K, committed 10112K, reserved 1048576K

